
> web@0.1.0 build
> next build

Γû▓ Next.js 16.1.3 (Turbopack)
- Environments: .env.local

  Creating an optimized production build ...
node.exe : 
At line:1 char:1
+ & "C:\Program Files
\nodejs/node.exe" 
"C:\Program 
Files\nodejs/node_mo 
...
+ ~~~~~~~~~~~~~~~~~~~
~~~~~~~~~~~~~~~~~~~~~
~~~~~~~~~~~~~~~~~~~~~
~~~~~~~~
    + CategoryInfo   
           : NotSpe  
  cified: (:String   
 ) [], RemoteExce    
ption
    + FullyQualified 
   ErrorId : Native  
  CommandError
 
> Build error 
occurred
Error: Turbopack 
build failed with 2 
errors:
./components/features
/camera-streamer.tsx:
5:1
Module not found: 
Can't resolve 
'peerjs'
[0m [90m 3 |[39m 
[36mimport[39m { 
useEffect[33m,[39m 
useRef[33m,[39m 
useState } 
[36mfrom[39m [32m"
react"[39m[33m;[39
m
 [90m 4 |[39m 
[36mimport[39m { [
33mLoader2[39m[33m,
[39m [33mVideo[39m
[33m,[39m 
[33mVideoOff[39m } 
[36mfrom[39m [32m"
lucide-react"[39m[3
3m;[39m
[31m[1m>[22m[39m
[90m 5 |[39m 
[36mimport[39m 
[33mPeer[39m 
[36mfrom[39m [32m"
peerjs"[39m[33m;[3
9m
 [90m   |[39m [31m
[1m^[22m[39m[31m
[1m^[22m[39m[31m[
1m^[22m[39m[31m[1
m^[22m[39m[31m[1m
^[22m[39m[31m[1m^
[22m[39m[31m[1m^
[22m[39m[31m[1m^[
22m[39m[31m[1m^[2
2m[39m[31m[1m^[22
m[39m[31m[1m^[22m
[39m[31m[1m^[22m
[39m[31m[1m^[22m[
39m[31m[1m^[22m[3
9m[31m[1m^[22m[39
m[31m[1m^[22m[39m
[31m[1m^[22m[39m
[31m[1m^[22m[39m[
31m[1m^[22m[39m[3
1m[1m^[22m[39m[31
m[1m^[22m[39m[31m
[1m^[22m[39m[31m
[1m^[22m[39m[31m[
1m^[22m[39m[31m[1
m^[22m[39m[31m[1m
^[22m[39m
 [90m 6 |[39m
 [90m 7 |[39m 
[36mexport[39m 
[36mfunction[39m [
33mCameraStreamer[39
m({ 
matchId[33m,[39m br
oadcasterId[33m,[39
m onClose 
}[33m:[39m { 
matchId[33m:[39m 
string[33m,[39m bro
adcasterId[33m?[39m
[33m:[39m 
string[33m,[39m 
onClose[33m:[39m 
() [33m=>[39m 
[36mvoid[39m }) {
 [90m 8 |[39m     
[36mconst[39m 
[stream[33m,[39m 
setStream] 
[33m=[39m useState
[33m<[39m[33mMediaS
tream[39m 
[33m|[39m [36mnull
[39m[33m>[39m([36
mnull[39m)[33m;[39
m[0m



Import trace:
  Client Component 
Browser:
    ./components/feat
ures/camera-streamer.
tsx [Client 
Component Browser]
    ./components/feat
ures/match-scoring-mo
dal.tsx [Client 
Component Browser]
    ./app/t/[id]/admi
n/page.tsx [Client 
Component Browser]
    ./app/t/[id]/admi
n/page.tsx [Server 
Component]

https://nextjs.org/do
cs/messages/module-no
t-found


./components/features
/live-camera-feed.tsx
:5:1
Module not found: 
Can't resolve 
'peerjs'
[0m [90m 3 |[39m 
[36mimport[39m { 
useEffect[33m,[39m 
useRef[33m,[39m 
useState } 
[36mfrom[39m [32m"
react"[39m[33m;[39
m
 [90m 4 |[39m 
[36mimport[39m { 
[33mLoader2[39m } 
[36mfrom[39m [32m"
lucide-react"[39m[3
3m;[39m
[31m[1m>[22m[39m
[90m 5 |[39m 
[36mimport[39m 
[33mPeer[39m 
[36mfrom[39m [32m"
peerjs"[39m[33m;[3
9m
 [90m   |[39m [31m
[1m^[22m[39m[31m
[1m^[22m[39m[31m[
1m^[22m[39m[31m[1
m^[22m[39m[31m[1m
^[22m[39m[31m[1m^
[22m[39m[31m[1m^
[22m[39m[31m[1m^[
22m[39m[31m[1m^[2
2m[39m[31m[1m^[22
m[39m[31m[1m^[22m
[39m[31m[1m^[22m
[39m[31m[1m^[22m[
39m[31m[1m^[22m[3
9m[31m[1m^[22m[39
m[31m[1m^[22m[39m
[31m[1m^[22m[39m
[31m[1m^[22m[39m[
31m[1m^[22m[39m[3
1m[1m^[22m[39m[31
m[1m^[22m[39m[31m
[1m^[22m[39m[31m
[1m^[22m[39m[31m[
1m^[22m[39m[31m[1
m^[22m[39m[31m[1m
^[22m[39m
 [90m 6 |[39m
 [90m 7 |[39m 
[36mexport[39m 
[36mfunction[39m [
33mLiveCameraFeed[39
m({ 
matchId[33m,[39m br
oadcasterId[33m,[39
m onError 
}[33m:[39m { 
matchId[33m:[39m 
string[33m,[39m bro
adcasterId[33m?[39m
[33m:[39m 
string[33m,[39m onE
rror[33m?[39m[33m:
[39m () 
[33m=>[39m 
[36mvoid[39m }) {
 [90m 8 |[39m     
[36mconst[39m 
videoRef [33m=[39m 
useRef[33m<[39m[33
mHTMLVideoElement[39
m[33m>[39m([36mnul
l[39m)[33m;[39m[0
m



Import trace:
  Client Component 
Browser:
    ./components/feat
ures/live-camera-feed
.tsx [Client 
Component Browser]
    ./app/t/[id]/proj
ector/page.tsx 
[Client Component 
Browser]
    ./app/t/[id]/proj
ector/page.tsx 
[Server Component]

https://nextjs.org/do
cs/messages/module-no
t-found


    at <unknown> (./c
omponents/features/ca
mera-streamer.tsx:5:1
)
    at <unknown> (htt
ps://nextjs.org/docs/
messages/module-not-f
ound)
    at <unknown> (./c
omponents/features/li
ve-camera-feed.tsx:5:
1)
    at <unknown> (htt
ps://nextjs.org/docs/
messages/module-not-f
ound)
